<?xml version="1.0" encoding="UTF-8"?>
<testng-results ignored="0" total="4" passed="4" failed="0" skipped="0">
  <reporter-output>
  </reporter-output>
  <suite started-at="2021-10-30T17:46:45 IST" name="book-flight-module" finished-at="2021-10-30T17:48:03 IST" duration-ms="78160">
    <groups>
    </groups>
    <test started-at="2021-10-30T17:46:45 IST" name="book-flight-1" finished-at="2021-10-30T17:47:04 IST" duration-ms="19533">
      <class name="com.newtours.tests.BookFlightTest">
        <test-method is-config="true" signature="setupDriver(org.testng.ITestContext)[pri:0, instance:com.newtours.tests.BookFlightTest@2cd76f31]" started-at="2021-10-30T17:46:45 IST" name="setupDriver" finished-at="2021-10-30T17:46:51 IST" duration-ms="6135" status="PASS">
          <params>
            <param index="0">
              <value>
                <![CDATA[org.testng.TestRunner@5533dc72]]>
              </value>
            </param>
          </params>
          <reporter-output>
          </reporter-output>
        </test-method> <!-- setupDriver -->
        <test-method is-config="true" signature="setupParameters(java.lang.String,java.lang.String)[pri:0, instance:com.newtours.tests.BookFlightTest@2cd76f31]" started-at="2021-10-30T17:46:51 IST" name="setupParameters" finished-at="2021-10-30T17:46:51 IST" depends-on-methods="com.tests.BaseTest.setupDriver" duration-ms="0" status="PASS">
          <params>
            <param index="0">
              <value>
                <![CDATA[1]]>
              </value>
            </param>
            <param index="1">
              <value>
                <![CDATA[$584 USD]]>
              </value>
            </param>
          </params>
          <reporter-output>
          </reporter-output>
        </test-method> <!-- setupParameters -->
        <test-method signature="registrationPage()[pri:0, instance:com.newtours.tests.BookFlightTest@2cd76f31]" started-at="2021-10-30T17:46:51 IST" name="registrationPage" finished-at="2021-10-30T17:47:03 IST" duration-ms="12179" status="PASS">
          <reporter-output>
          </reporter-output>
        </test-method> <!-- registrationPage -->
        <test-method is-config="true" signature="quitDriver()[pri:0, instance:com.newtours.tests.BookFlightTest@2cd76f31]" started-at="2021-10-30T17:47:03 IST" name="quitDriver" finished-at="2021-10-30T17:47:04 IST" duration-ms="1197" status="PASS">
          <reporter-output>
          </reporter-output>
        </test-method> <!-- quitDriver -->
      </class> <!-- com.newtours.tests.BookFlightTest -->
    </test> <!-- book-flight-1 -->
    <test started-at="2021-10-30T17:47:04 IST" name="book-flight-2" finished-at="2021-10-30T17:47:25 IST" duration-ms="20667">
      <class name="com.newtours.tests.BookFlightTest">
        <test-method is-config="true" signature="setupDriver(org.testng.ITestContext)[pri:0, instance:com.newtours.tests.BookFlightTest@2de23121]" started-at="2021-10-30T17:47:04 IST" name="setupDriver" finished-at="2021-10-30T17:47:11 IST" duration-ms="6738" status="PASS">
          <params>
            <param index="0">
              <value>
                <![CDATA[org.testng.TestRunner@7c447c76]]>
              </value>
            </param>
          </params>
          <reporter-output>
          </reporter-output>
        </test-method> <!-- setupDriver -->
        <test-method is-config="true" signature="setupParameters(java.lang.String,java.lang.String)[pri:0, instance:com.newtours.tests.BookFlightTest@2de23121]" started-at="2021-10-30T17:47:11 IST" name="setupParameters" finished-at="2021-10-30T17:47:11 IST" depends-on-methods="com.tests.BaseTest.setupDriver" duration-ms="0" status="PASS">
          <params>
            <param index="0">
              <value>
                <![CDATA[2]]>
              </value>
            </param>
            <param index="1">
              <value>
                <![CDATA[$1169 USD]]>
              </value>
            </param>
          </params>
          <reporter-output>
          </reporter-output>
        </test-method> <!-- setupParameters -->
        <test-method signature="registrationPage()[pri:0, instance:com.newtours.tests.BookFlightTest@2de23121]" started-at="2021-10-30T17:47:11 IST" name="registrationPage" finished-at="2021-10-30T17:47:24 IST" duration-ms="12776" status="PASS">
          <reporter-output>
          </reporter-output>
        </test-method> <!-- registrationPage -->
        <test-method is-config="true" signature="quitDriver()[pri:0, instance:com.newtours.tests.BookFlightTest@2de23121]" started-at="2021-10-30T17:47:24 IST" name="quitDriver" finished-at="2021-10-30T17:47:25 IST" duration-ms="1152" status="PASS">
          <reporter-output>
          </reporter-output>
        </test-method> <!-- quitDriver -->
      </class> <!-- com.newtours.tests.BookFlightTest -->
    </test> <!-- book-flight-2 -->
    <test started-at="2021-10-30T17:47:25 IST" name="book-flight-3" finished-at="2021-10-30T17:47:44 IST" duration-ms="18742">
      <class name="com.newtours.tests.BookFlightTest">
        <test-method is-config="true" signature="setupDriver(org.testng.ITestContext)[pri:0, instance:com.newtours.tests.BookFlightTest@6913c1fb]" started-at="2021-10-30T17:47:25 IST" name="setupDriver" finished-at="2021-10-30T17:47:31 IST" duration-ms="5854" status="PASS">
          <params>
            <param index="0">
              <value>
                <![CDATA[org.testng.TestRunner@64fc097e]]>
              </value>
            </param>
          </params>
          <reporter-output>
          </reporter-output>
        </test-method> <!-- setupDriver -->
        <test-method is-config="true" signature="setupParameters(java.lang.String,java.lang.String)[pri:0, instance:com.newtours.tests.BookFlightTest@6913c1fb]" started-at="2021-10-30T17:47:31 IST" name="setupParameters" finished-at="2021-10-30T17:47:31 IST" depends-on-methods="com.tests.BaseTest.setupDriver" duration-ms="1" status="PASS">
          <params>
            <param index="0">
              <value>
                <![CDATA[3]]>
              </value>
            </param>
            <param index="1">
              <value>
                <![CDATA[$1753 USD]]>
              </value>
            </param>
          </params>
          <reporter-output>
          </reporter-output>
        </test-method> <!-- setupParameters -->
        <test-method signature="registrationPage()[pri:0, instance:com.newtours.tests.BookFlightTest@6913c1fb]" started-at="2021-10-30T17:47:31 IST" name="registrationPage" finished-at="2021-10-30T17:47:43 IST" duration-ms="11740" status="PASS">
          <reporter-output>
          </reporter-output>
        </test-method> <!-- registrationPage -->
        <test-method is-config="true" signature="quitDriver()[pri:0, instance:com.newtours.tests.BookFlightTest@6913c1fb]" started-at="2021-10-30T17:47:43 IST" name="quitDriver" finished-at="2021-10-30T17:47:44 IST" duration-ms="1146" status="PASS">
          <reporter-output>
          </reporter-output>
        </test-method> <!-- quitDriver -->
      </class> <!-- com.newtours.tests.BookFlightTest -->
    </test> <!-- book-flight-3 -->
    <test started-at="2021-10-30T17:47:44 IST" name="book-flight-4" finished-at="2021-10-30T17:48:03 IST" duration-ms="19172">
      <class name="com.newtours.tests.BookFlightTest">
        <test-method is-config="true" signature="setupDriver(org.testng.ITestContext)[pri:0, instance:com.newtours.tests.BookFlightTest@7d8704ef]" started-at="2021-10-30T17:47:44 IST" name="setupDriver" finished-at="2021-10-30T17:47:51 IST" duration-ms="7059" status="PASS">
          <params>
            <param index="0">
              <value>
                <![CDATA[org.testng.TestRunner@1640c151]]>
              </value>
            </param>
          </params>
          <reporter-output>
          </reporter-output>
        </test-method> <!-- setupDriver -->
        <test-method is-config="true" signature="setupParameters(java.lang.String,java.lang.String)[pri:0, instance:com.newtours.tests.BookFlightTest@7d8704ef]" started-at="2021-10-30T17:47:51 IST" name="setupParameters" finished-at="2021-10-30T17:47:51 IST" depends-on-methods="com.tests.BaseTest.setupDriver" duration-ms="0" status="PASS">
          <params>
            <param index="0">
              <value>
                <![CDATA[4]]>
              </value>
            </param>
            <param index="1">
              <value>
                <![CDATA[$2338 USD]]>
              </value>
            </param>
          </params>
          <reporter-output>
          </reporter-output>
        </test-method> <!-- setupParameters -->
        <test-method signature="registrationPage()[pri:0, instance:com.newtours.tests.BookFlightTest@7d8704ef]" started-at="2021-10-30T17:47:51 IST" name="registrationPage" finished-at="2021-10-30T17:48:02 IST" duration-ms="10962" status="PASS">
          <reporter-output>
          </reporter-output>
        </test-method> <!-- registrationPage -->
        <test-method is-config="true" signature="quitDriver()[pri:0, instance:com.newtours.tests.BookFlightTest@7d8704ef]" started-at="2021-10-30T17:48:02 IST" name="quitDriver" finished-at="2021-10-30T17:48:03 IST" duration-ms="1150" status="PASS">
          <reporter-output>
          </reporter-output>
        </test-method> <!-- quitDriver -->
      </class> <!-- com.newtours.tests.BookFlightTest -->
    </test> <!-- book-flight-4 -->
  </suite> <!-- book-flight-module -->
</testng-results>
